Ignoring fast-stemmer-1.0.2 because its extensions are not built.  Try: gem pristine fast-stemmer-1.0.2
Ignoring posix-spawn-0.3.9 because its extensions are not built.  Try: gem pristine posix-spawn-0.3.9
Ignoring redcarpet-3.2.1 because its extensions are not built.  Try: gem pristine redcarpet-3.2.1
Ignoring yajl-ruby-1.1.0 because its extensions are not built.  Try: gem pristine yajl-ruby-1.1.0
Configuration file: /Users/qi/360/Code/Github/vinci7.github.io/_config.yml
[31m       Deprecation: The 'pygments' configuration option has been renamed to 'highlighter'. Please update your config file accordingly. The allowed values are 'rouge', 'pygments' or null.[0m
            Source: /Users/qi/360/Code/Github/vinci7.github.io
       Destination: /Users/qi/360/Code/Github/vinci7.github.io/_site
 Incremental build: disabled. Enable with --incremental
      Generating... 
[33m     Build Warning: Layout 'nil' requested in rss.xml does not exist.[0m
                    done in 0.617 seconds.
 Auto-regeneration: enabled for '/Users/qi/360/Code/Github/vinci7.github.io'
Configuration file: /Users/qi/360/Code/Github/vinci7.github.io/_config.yml
[31m       Deprecation: The 'pygments' configuration option has been renamed to 'highlighter'. Please update your config file accordingly. The allowed values are 'rouge', 'pygments' or null.[0m
jekyll 3.0.1 | Error:  Address already in use - bind(2)
nohup: list: No such file or directory
Ignoring fast-stemmer-1.0.2 because its extensions are not built.  Try: gem pristine fast-stemmer-1.0.2
Ignoring posix-spawn-0.3.9 because its extensions are not built.  Try: gem pristine posix-spawn-0.3.9
Ignoring redcarpet-3.2.1 because its extensions are not built.  Try: gem pristine redcarpet-3.2.1
Ignoring yajl-ruby-1.1.0 because its extensions are not built.  Try: gem pristine yajl-ruby-1.1.0
Configuration file: /Users/qi/360/Code/Github/vinci7.github.io/_config.yml
[31m       Deprecation: The 'pygments' configuration option has been renamed to 'highlighter'. Please update your config file accordingly. The allowed values are 'rouge', 'pygments' or null.[0m
            Source: /Users/qi/360/Code/Github/vinci7.github.io
       Destination: /Users/qi/360/Code/Github/vinci7.github.io/_site
 Incremental build: disabled. Enable with --incremental
      Generating... 
[33m     Build Warning: Layout 'nil' requested in rss.xml does not exist.[0m
                    done in 0.814 seconds.
 Auto-regeneration: enabled for '/Users/qi/360/Code/Github/vinci7.github.io'
Configuration file: /Users/qi/360/Code/Github/vinci7.github.io/_config.yml
[31m       Deprecation: The 'pygments' configuration option has been renamed to 'highlighter'. Please update your config file accordingly. The allowed values are 'rouge', 'pygments' or null.[0m
    Server address: http://127.0.0.1:4000/
  Server running... press ctrl-c to stop.
      Regenerating: 1 files at 2016-01-02 15:25:49 [33m     Build Warning: Layout 'nil' requested in rss.xml does not exist.[0m
...done.
      Regenerating: 1 files at 2016-01-02 19:56:44 [31m  Conversion error: Jekyll::Converters::Markdown encountered an error while converting '_posts/2014-08-19-warm-world.markdown':[0m
[31m                    EPIPE[0m
[31m  Liquid Exception: EPIPE in _layouts/index.html[0m
...error:
[33m             Error: EPIPE[0m
[33m             Error: Run jekyll build --trace for more information.[0m
      Regenerating: 2 files at 2016-01-02 19:56:58 [33m     Build Warning: Layout 'nil' requested in rss.xml does not exist.[0m
...done.
      Regenerating: 1 files at 2016-01-02 19:57:12 [33m     Build Warning: Layout 'nil' requested in rss.xml does not exist.[0m
...done.
      Regenerating: 1 files at 2016-01-02 19:57:22 [33m     Build Warning: Layout 'nil' requested in rss.xml does not exist.[0m
...done.
      Regenerating: 1 files at 2016-01-02 19:58:06 [33m     Build Warning: Layout 'nil' requested in rss.xml does not exist.[0m
...done.
      Regenerating: 1 files at 2016-01-02 19:58:31 [33m     Build Warning: Layout 'nil' requested in rss.xml does not exist.[0m
...done.
      Regenerating: 1 files at 2016-01-02 19:58:42 [33m     Build Warning: Layout 'nil' requested in rss.xml does not exist.[0m
...done.
      Regenerating: 1 files at 2016-01-02 19:58:46 [33m     Build Warning: Layout 'nil' requested in rss.xml does not exist.[0m
...done.
      Regenerating: 1 files at 2016-01-02 19:58:55 [33m     Build Warning: Layout 'nil' requested in rss.xml does not exist.[0m
...done.
      Regenerating: 1 files at 2016-01-02 23:47:53 [33m     Build Warning: Layout 'nil' requested in rss.xml does not exist.[0m
...done.
      Regenerating: 1 files at 2016-01-02 23:48:32 [33m     Build Warning: Layout 'nil' requested in rss.xml does not exist.[0m
...done.
      Regenerating: 1 files at 2016-01-03 15:11:29 [33m     Build Warning: Layout 'nil' requested in rss.xml does not exist.[0m
...done.
      Regenerating: 1 files at 2016-01-03 15:12:25 [33m     Build Warning: Layout 'nil' requested in rss.xml does not exist.[0m
...done.
      Regenerating: 1 files at 2016-01-03 15:12:48 [33m     Build Warning: Layout 'nil' requested in rss.xml does not exist.[0m
...done.
      Regenerating: 1 files at 2016-01-03 15:13:20 [33m     Build Warning: Layout 'nil' requested in rss.xml does not exist.[0m
...done.
      Regenerating: 1 files at 2016-01-03 15:13:30 [33m     Build Warning: Layout 'nil' requested in rss.xml does not exist.[0m
...done.
      Regenerating: 1 files at 2016-01-03 15:59:26 [33m     Build Warning: Layout 'nil' requested in rss.xml does not exist.[0m
...done.
      Regenerating: 1 files at 2016-01-03 15:59:34 [33m     Build Warning: Layout 'nil' requested in rss.xml does not exist.[0m
...done.
      Regenerating: 1 files at 2016-01-03 15:59:50 [33m     Build Warning: Layout 'nil' requested in rss.xml does not exist.[0m
...done.
      Regenerating: 1 files at 2016-01-03 16:00:13 [33m     Build Warning: Layout 'nil' requested in rss.xml does not exist.[0m
...done.
      Regenerating: 1 files at 2016-01-03 16:00:18 [33m     Build Warning: Layout 'nil' requested in rss.xml does not exist.[0m
...done.
      Regenerating: 2 files at 2016-01-03 16:00:30 [33m     Build Warning: Layout 'nil' requested in rss.xml does not exist.[0m
...done.
      Regenerating: 1 files at 2016-01-03 16:01:26 [33m     Build Warning: Layout 'nil' requested in rss.xml does not exist.[0m
...done.
      Regenerating: 1 files at 2016-01-03 18:31:57 [33m     Build Warning: Layout 'nil' requested in rss.xml does not exist.[0m
...done.
      Regenerating: 1 files at 2016-01-03 18:32:20 [33m     Build Warning: Layout 'nil' requested in rss.xml does not exist.[0m
...done.
      Regenerating: 1 files at 2016-01-03 22:30:09 [33m     Build Warning: Layout 'nil' requested in rss.xml does not exist.[0m
...done.
      Regenerating: 1 files at 2016-01-03 22:31:20 [33m     Build Warning: Layout 'nil' requested in rss.xml does not exist.[0m
...done.
      Regenerating: 1 files at 2016-01-03 22:31:37 [33m     Build Warning: Layout 'nil' requested in rss.xml does not exist.[0m
...done.
      Regenerating: 1 files at 2016-01-03 22:31:49 [33m     Build Warning: Layout 'nil' requested in rss.xml does not exist.[0m
...done.
      Regenerating: 1 files at 2016-01-03 22:31:59 [33m     Build Warning: Layout 'nil' requested in rss.xml does not exist.[0m
...done.
      Regenerating: 1 files at 2016-01-03 22:32:25 [33m     Build Warning: Layout 'nil' requested in rss.xml does not exist.[0m
...done.
2016-01-04 19:22 fsevent_watch[27670] (FSEvents.framework) server_gone_StreamRef_callback: ERROR: FSEvents_connect() => unknown error code (124)
2016-01-04 19:22 fsevent_watch[27670] (FSEvents.framework) server_gone_StreamRef_callback: failed to reconnect to server! (kr 0x7c)
Ignoring fast-stemmer-1.0.2 because its extensions are not built.  Try: gem pristine fast-stemmer-1.0.2
Ignoring posix-spawn-0.3.9 because its extensions are not built.  Try: gem pristine posix-spawn-0.3.9
Ignoring redcarpet-3.2.1 because its extensions are not built.  Try: gem pristine redcarpet-3.2.1
Ignoring yajl-ruby-1.1.0 because its extensions are not built.  Try: gem pristine yajl-ruby-1.1.0
Configuration file: /Users/qi/360/Code/Github/vinci7.github.io/_config.yml
[31m       Deprecation: The 'pygments' configuration option has been renamed to 'highlighter'. Please update your config file accordingly. The allowed values are 'rouge', 'pygments' or null.[0m
            Source: /Users/qi/360/Code/Github/vinci7.github.io
       Destination: /Users/qi/360/Code/Github/vinci7.github.io/_site
 Incremental build: disabled. Enable with --incremental
      Generating... 
[33m     Build Warning: Layout 'nil' requested in rss.xml does not exist.[0m
                    done in 0.832 seconds.
 Auto-regeneration: enabled for '/Users/qi/360/Code/Github/vinci7.github.io'
Configuration file: /Users/qi/360/Code/Github/vinci7.github.io/_config.yml
[31m       Deprecation: The 'pygments' configuration option has been renamed to 'highlighter'. Please update your config file accordingly. The allowed values are 'rouge', 'pygments' or null.[0m
    Server address: http://127.0.0.1:4000/
  Server running... press ctrl-c to stop.
Ignoring fast-stemmer-1.0.2 because its extensions are not built.  Try: gem pristine fast-stemmer-1.0.2
Ignoring posix-spawn-0.3.9 because its extensions are not built.  Try: gem pristine posix-spawn-0.3.9
Ignoring redcarpet-3.2.1 because its extensions are not built.  Try: gem pristine redcarpet-3.2.1
Ignoring yajl-ruby-1.1.0 because its extensions are not built.  Try: gem pristine yajl-ruby-1.1.0
Configuration file: /Users/qi/360/Code/Github/vinci7.github.io/_config.yml
[31m       Deprecation: The 'pygments' configuration option has been renamed to 'highlighter'. Please update your config file accordingly. The allowed values are 'rouge', 'pygments' or null.[0m
            Source: /Users/qi/360/Code/Github/vinci7.github.io
       Destination: /Users/qi/360/Code/Github/vinci7.github.io/_site
 Incremental build: disabled. Enable with --incremental
      Generating... 
[33m     Build Warning: Layout 'nil' requested in rss.xml does not exist.[0m
                    done in 0.816 seconds.
 Auto-regeneration: enabled for '/Users/qi/360/Code/Github/vinci7.github.io'
Configuration file: /Users/qi/360/Code/Github/vinci7.github.io/_config.yml
[31m       Deprecation: The 'pygments' configuration option has been renamed to 'highlighter'. Please update your config file accordingly. The allowed values are 'rouge', 'pygments' or null.[0m
jekyll 3.0.1 | Error:  Address already in use - bind(2)
      Regenerating: 1 files at 2016-01-24 10:56:26 [31m  Conversion error: Jekyll::Converters::Markdown encountered an error while converting '_posts/2014-08-19-warm-world.markdown':[0m
[31m                    EPIPE[0m
[31m  Liquid Exception: EPIPE in _layouts/index.html[0m
...error:
[33m             Error: EPIPE[0m
[33m             Error: Run jekyll build --trace for more information.[0m
      Regenerating: 1 files at 2016-01-24 10:59:07 [33m     Build Warning: Layout 'nil' requested in rss.xml does not exist.[0m
...error:
[33m             Error: No such file or directory - /Users/qi/360/Code/Github/vinci7.github.io/assets/img/avatar@2X.png[0m
[33m             Error: Run jekyll build --trace for more information.[0m
      Regenerating: 1 files at 2016-01-24 10:59:08 [33m     Build Warning: Layout 'nil' requested in rss.xml does not exist.[0m
...done.
      Regenerating: 1 files at 2016-01-24 10:59:08 [33m     Build Warning: Layout 'nil' requested in rss.xml does not exist.[0m
...error:
[33m             Error: No such file or directory - /Users/qi/360/Code/Github/vinci7.github.io/assets/img/old_avatar@2X.png[0m
[33m             Error: Run jekyll build --trace for more information.[0m
      Regenerating: 1 files at 2016-01-24 10:59:09 [33m     Build Warning: Layout 'nil' requested in rss.xml does not exist.[0m
...done.
      Regenerating: 2 files at 2016-01-24 11:02:15 [33m     Build Warning: Layout 'nil' requested in rss.xml does not exist.[0m
...done.
      Regenerating: 2 files at 2016-01-24 11:02:25 [33m     Build Warning: Layout 'nil' requested in rss.xml does not exist.[0m
...done.
      Regenerating: 1 files at 2016-01-24 11:11:21 [33m     Build Warning: Layout 'nil' requested in rss.xml does not exist.[0m
...done.
      Regenerating: 1 files at 2016-01-24 11:17:30 [33m     Build Warning: Layout 'nil' requested in rss.xml does not exist.[0m
...done.
      Regenerating: 2 files at 2016-01-24 11:17:49 [33m     Build Warning: Layout 'nil' requested in rss.xml does not exist.[0m
...done.
      Regenerating: 1 files at 2016-01-24 11:20:08 [33m     Build Warning: Layout 'nil' requested in rss.xml does not exist.[0m
...done.
      Regenerating: 1 files at 2016-01-24 11:45:32 [33m     Build Warning: Layout 'nil' requested in rss.xml does not exist.[0m
...done.
2016-01-27 23:16 fsevent_watch[2135] (FSEvents.framework) server_gone_StreamRef_callback: ERROR: FSEvents_connect() => unknown error code (124)
2016-01-27 23:16 fsevent_watch[2135] (FSEvents.framework) server_gone_StreamRef_callback: failed to reconnect to server! (kr 0x7c)
